<?xml version="1.0" encoding="UTF-8"?>
<testsuite xmlns:xsi="http://www.w3.org/2001/XMLSchema-instance" xsi:noNamespaceSchemaLocation="https://maven.apache.org/surefire/maven-surefire-plugin/xsd/surefire-test-report.xsd" name="com.demo.AppTest" time="2.603" tests="2" errors="0" skipped="0" failures="2">
  <properties>
[...]
</properties>
  <testcase name="shouldAnswerWithTrue" classname="com.demo.AppTest" time="0.929">
    <failure message="expected:&lt;[正常]调用&gt; but was:&lt;[重复]调用&gt;" type="org.junit.ComparisonFailure"><![CDATA[org.junit.ComparisonFailure: expected:<[正常]调用> but was:<[重复]调用>
	at com.demo.AppTest.shouldAnswerWithTrue(AppTest.java:84)
]]></failure>
    <system-out><![CDATA[10:01:34.931 [main] DEBUG org.springframework.test.context.junit4.SpringJUnit4ClassRunner - SpringJUnit4ClassRunner constructor called with [class com.demo.AppTest]
10:01:34.933 [main] DEBUG org.springframework.test.context.BootstrapUtils - Instantiating CacheAwareContextLoaderDelegate from class [org.springframework.test.context.cache.DefaultCacheAwareContextLoaderDelegate]
10:01:34.939 [main] DEBUG org.springframework.test.context.BootstrapUtils - Instantiating BootstrapContext using constructor [public org.springframework.test.context.support.DefaultBootstrapContext(java.lang.Class,org.springframework.test.context.CacheAwareContextLoaderDelegate)]
10:01:34.961 [main] DEBUG org.springframework.test.context.BootstrapUtils - Instantiating TestContextBootstrapper for test class [com.demo.AppTest] from class [org.springframework.boot.test.context.SpringBootTestContextBootstrapper]
10:01:34.970 [main] INFO org.springframework.boot.test.context.SpringBootTestContextBootstrapper - Neither @ContextConfiguration nor @ContextHierarchy found for test class [com.demo.AppTest], using SpringBootContextLoader
10:01:34.973 [main] DEBUG org.springframework.test.context.support.AbstractContextLoader - Did not detect default resource location for test class [com.demo.AppTest]: class path resource [com/demo/AppTest-context.xml] does not exist
10:01:34.973 [main] DEBUG org.springframework.test.context.support.AbstractContextLoader - Did not detect default resource location for test class [com.demo.AppTest]: class path resource [com/demo/AppTestContext.groovy] does not exist
10:01:34.973 [main] INFO org.springframework.test.context.support.AbstractContextLoader - Could not detect default resource locations for test class [com.demo.AppTest]: no resource found for suffixes {-context.xml, Context.groovy}.
10:01:34.974 [main] INFO org.springframework.test.context.support.AnnotationConfigContextLoaderUtils - Could not detect default configuration classes for test class [com.demo.AppTest]: AppTest does not declare any static, non-private, non-final, nested classes annotated with @Configuration.
10:01:35.001 [main] DEBUG org.springframework.test.context.support.ActiveProfilesUtils - Could not find an 'annotation declaring class' for annotation type [org.springframework.test.context.ActiveProfiles] and class [com.demo.AppTest]
10:01:35.050 [main] DEBUG org.springframework.context.annotation.ClassPathScanningCandidateComponentProvider - Identified candidate component class: file [E:\02-work\code\bruce_projects\spring-boot-demo1\spring-boot-demo-redis-token-limit\target\classes\com\demo\SpringBootLimitApplication.class]
10:01:35.051 [main] INFO org.springframework.boot.test.context.SpringBootTestContextBootstrapper - Found @SpringBootConfiguration com.demo.SpringBootLimitApplication for test class com.demo.AppTest
10:01:35.120 [main] DEBUG org.springframework.boot.test.context.SpringBootTestContextBootstrapper - @TestExecutionListeners is not present for class [com.demo.AppTest]: using defaults.
10:01:35.121 [main] INFO org.springframework.boot.test.context.SpringBootTestContextBootstrapper - Loaded default TestExecutionListener class names from location [META-INF/spring.factories]: [org.springframework.boot.test.mock.mockito.MockitoTestExecutionListener, org.springframework.boot.test.mock.mockito.ResetMocksTestExecutionListener, org.springframework.boot.test.autoconfigure.restdocs.RestDocsTestExecutionListener, org.springframework.boot.test.autoconfigure.web.client.MockRestServiceServerResetTestExecutionListener, org.springframework.boot.test.autoconfigure.web.servlet.MockMvcPrintOnlyOnFailureTestExecutionListener, org.springframework.boot.test.autoconfigure.web.servlet.WebDriverTestExecutionListener, org.springframework.boot.test.autoconfigure.webservices.client.MockWebServiceServerTestExecutionListener, org.springframework.test.context.web.ServletTestExecutionListener, org.springframework.test.context.support.DirtiesContextBeforeModesTestExecutionListener, org.springframework.test.context.support.DependencyInjectionTestExecutionListener, org.springframework.test.context.support.DirtiesContextTestExecutionListener, org.springframework.test.context.transaction.TransactionalTestExecutionListener, org.springframework.test.context.jdbc.SqlScriptsTestExecutionListener, org.springframework.test.context.event.EventPublishingTestExecutionListener]
10:01:35.131 [main] INFO org.springframework.boot.test.context.SpringBootTestContextBootstrapper - Using TestExecutionListeners: [org.springframework.test.context.web.ServletTestExecutionListener@6a84a97d, org.springframework.test.context.support.DirtiesContextBeforeModesTestExecutionListener@6c130c45, org.springframework.boot.test.mock.mockito.MockitoTestExecutionListener@50ad3bc1, org.springframework.boot.test.autoconfigure.SpringBootDependencyInjectionTestExecutionListener@223aa2f7, org.springframework.test.context.support.DirtiesContextTestExecutionListener@6d3a388c, org.springframework.test.context.transaction.TransactionalTestExecutionListener@193f604a, org.springframework.test.context.jdbc.SqlScriptsTestExecutionListener@20f5239f, org.springframework.test.context.event.EventPublishingTestExecutionListener@57af006c, org.springframework.boot.test.mock.mockito.ResetMocksTestExecutionListener@6bedbc4d, org.springframework.boot.test.autoconfigure.restdocs.RestDocsTestExecutionListener@932bc4a, org.springframework.boot.test.autoconfigure.web.client.MockRestServiceServerResetTestExecutionListener@d29f28, org.springframework.boot.test.autoconfigure.web.servlet.MockMvcPrintOnlyOnFailureTestExecutionListener@2fd1433e, org.springframework.boot.test.autoconfigure.web.servlet.WebDriverTestExecutionListener@29d89d5d, org.springframework.boot.test.autoconfigure.webservices.client.MockWebServiceServerTestExecutionListener@3514a4c0]
10:01:35.133 [main] DEBUG org.springframework.test.annotation.ProfileValueUtils - Retrieved @ProfileValueSourceConfiguration [null] for test class [com.demo.AppTest]
10:01:35.134 [main] DEBUG org.springframework.test.annotation.ProfileValueUtils - Retrieved ProfileValueSource type [class org.springframework.test.annotation.SystemProfileValueSource] for class [com.demo.AppTest]
10:01:35.135 [main] DEBUG org.springframework.test.annotation.ProfileValueUtils - Retrieved @ProfileValueSourceConfiguration [null] for test class [com.demo.AppTest]
10:01:35.135 [main] DEBUG org.springframework.test.annotation.ProfileValueUtils - Retrieved ProfileValueSource type [class org.springframework.test.annotation.SystemProfileValueSource] for class [com.demo.AppTest]
10:01:35.137 [main] DEBUG org.springframework.test.annotation.ProfileValueUtils - Retrieved @ProfileValueSourceConfiguration [null] for test class [com.demo.AppTest]
10:01:35.137 [main] DEBUG org.springframework.test.annotation.ProfileValueUtils - Retrieved ProfileValueSource type [class org.springframework.test.annotation.SystemProfileValueSource] for class [com.demo.AppTest]
10:01:35.154 [main] DEBUG org.springframework.test.context.junit4.SpringJUnit4ClassRunner - SpringJUnit4ClassRunner constructor called with [class com.demo.AppTest]
10:01:35.154 [main] DEBUG org.springframework.test.context.BootstrapUtils - Instantiating CacheAwareContextLoaderDelegate from class [org.springframework.test.context.cache.DefaultCacheAwareContextLoaderDelegate]
10:01:35.155 [main] DEBUG org.springframework.test.context.BootstrapUtils - Instantiating BootstrapContext using constructor [public org.springframework.test.context.support.DefaultBootstrapContext(java.lang.Class,org.springframework.test.context.CacheAwareContextLoaderDelegate)]
10:01:35.155 [main] DEBUG org.springframework.test.context.BootstrapUtils - Instantiating TestContextBootstrapper for test class [com.demo.AppTest] from class [org.springframework.boot.test.context.SpringBootTestContextBootstrapper]
10:01:35.155 [main] INFO org.springframework.boot.test.context.SpringBootTestContextBootstrapper - Neither @ContextConfiguration nor @ContextHierarchy found for test class [com.demo.AppTest], using SpringBootContextLoader
10:01:35.156 [main] DEBUG org.springframework.test.context.support.AbstractContextLoader - Did not detect default resource location for test class [com.demo.AppTest]: class path resource [com/demo/AppTest-context.xml] does not exist
10:01:35.156 [main] DEBUG org.springframework.test.context.support.AbstractContextLoader - Did not detect default resource location for test class [com.demo.AppTest]: class path resource [com/demo/AppTestContext.groovy] does not exist
10:01:35.156 [main] INFO org.springframework.test.context.support.AbstractContextLoader - Could not detect default resource locations for test class [com.demo.AppTest]: no resource found for suffixes {-context.xml, Context.groovy}.
10:01:35.156 [main] INFO org.springframework.test.context.support.AnnotationConfigContextLoaderUtils - Could not detect default configuration classes for test class [com.demo.AppTest]: AppTest does not declare any static, non-private, non-final, nested classes annotated with @Configuration.
10:01:35.157 [main] DEBUG org.springframework.test.context.support.ActiveProfilesUtils - Could not find an 'annotation declaring class' for annotation type [org.springframework.test.context.ActiveProfiles] and class [com.demo.AppTest]
10:01:35.158 [main] INFO org.springframework.boot.test.context.SpringBootTestContextBootstrapper - Found @SpringBootConfiguration com.demo.SpringBootLimitApplication for test class com.demo.AppTest
10:01:35.159 [main] DEBUG org.springframework.boot.test.context.SpringBootTestContextBootstrapper - @TestExecutionListeners is not present for class [com.demo.AppTest]: using defaults.
10:01:35.159 [main] INFO org.springframework.boot.test.context.SpringBootTestContextBootstrapper - Loaded default TestExecutionListener class names from location [META-INF/spring.factories]: [org.springframework.boot.test.mock.mockito.MockitoTestExecutionListener, org.springframework.boot.test.mock.mockito.ResetMocksTestExecutionListener, org.springframework.boot.test.autoconfigure.restdocs.RestDocsTestExecutionListener, org.springframework.boot.test.autoconfigure.web.client.MockRestServiceServerResetTestExecutionListener, org.springframework.boot.test.autoconfigure.web.servlet.MockMvcPrintOnlyOnFailureTestExecutionListener, org.springframework.boot.test.autoconfigure.web.servlet.WebDriverTestExecutionListener, org.springframework.boot.test.autoconfigure.webservices.client.MockWebServiceServerTestExecutionListener, org.springframework.test.context.web.ServletTestExecutionListener, org.springframework.test.context.support.DirtiesContextBeforeModesTestExecutionListener, org.springframework.test.context.support.DependencyInjectionTestExecutionListener, org.springframework.test.context.support.DirtiesContextTestExecutionListener, org.springframework.test.context.transaction.TransactionalTestExecutionListener, org.springframework.test.context.jdbc.SqlScriptsTestExecutionListener, org.springframework.test.context.event.EventPublishingTestExecutionListener]
10:01:35.159 [main] INFO org.springframework.boot.test.context.SpringBootTestContextBootstrapper - Using TestExecutionListeners: [org.springframework.test.context.web.ServletTestExecutionListener@194bcebf, org.springframework.test.context.support.DirtiesContextBeforeModesTestExecutionListener@17497425, org.springframework.boot.test.mock.mockito.MockitoTestExecutionListener@f0da945, org.springframework.boot.test.autoconfigure.SpringBootDependencyInjectionTestExecutionListener@4803b726, org.springframework.test.context.support.DirtiesContextTestExecutionListener@ffaa6af, org.springframework.test.context.transaction.TransactionalTestExecutionListener@53ce1329, org.springframework.test.context.jdbc.SqlScriptsTestExecutionListener@316bcf94, org.springframework.test.context.event.EventPublishingTestExecutionListener@6404f418, org.springframework.boot.test.mock.mockito.ResetMocksTestExecutionListener@3e11f9e9, org.springframework.boot.test.autoconfigure.restdocs.RestDocsTestExecutionListener@1de5f259, org.springframework.boot.test.autoconfigure.web.client.MockRestServiceServerResetTestExecutionListener@729d991e, org.springframework.boot.test.autoconfigure.web.servlet.MockMvcPrintOnlyOnFailureTestExecutionListener@31fa1761, org.springframework.boot.test.autoconfigure.web.servlet.WebDriverTestExecutionListener@957e06, org.springframework.boot.test.autoconfigure.webservices.client.MockWebServiceServerTestExecutionListener@32502377]
10:01:35.160 [main] DEBUG org.springframework.test.annotation.ProfileValueUtils - Retrieved @ProfileValueSourceConfiguration [null] for test class [com.demo.AppTest]
10:01:35.160 [main] DEBUG org.springframework.test.annotation.ProfileValueUtils - Retrieved ProfileValueSource type [class org.springframework.test.annotation.SystemProfileValueSource] for class [com.demo.AppTest]
10:01:35.160 [main] DEBUG org.springframework.test.annotation.ProfileValueUtils - Retrieved @ProfileValueSourceConfiguration [null] for test class [com.demo.AppTest]
10:01:35.160 [main] DEBUG org.springframework.test.annotation.ProfileValueUtils - Retrieved ProfileValueSource type [class org.springframework.test.annotation.SystemProfileValueSource] for class [com.demo.AppTest]
10:01:35.160 [main] DEBUG org.springframework.test.annotation.ProfileValueUtils - Retrieved @ProfileValueSourceConfiguration [null] for test class [com.demo.AppTest]
10:01:35.160 [main] DEBUG org.springframework.test.annotation.ProfileValueUtils - Retrieved ProfileValueSource type [class org.springframework.test.annotation.SystemProfileValueSource] for class [com.demo.AppTest]
10:01:35.196 [main] DEBUG org.springframework.test.annotation.ProfileValueUtils - Retrieved @ProfileValueSourceConfiguration [null] for test class [com.demo.AppTest]
10:01:35.196 [main] DEBUG org.springframework.test.annotation.ProfileValueUtils - Retrieved ProfileValueSource type [class org.springframework.test.annotation.SystemProfileValueSource] for class [com.demo.AppTest]
10:01:35.199 [main] DEBUG org.springframework.test.annotation.ProfileValueUtils - Retrieved @ProfileValueSourceConfiguration [null] for test class [com.demo.AppTest]
10:01:35.199 [main] DEBUG org.springframework.test.annotation.ProfileValueUtils - Retrieved ProfileValueSource type [class org.springframework.test.annotation.SystemProfileValueSource] for class [com.demo.AppTest]
10:01:35.199 [main] DEBUG org.springframework.test.annotation.ProfileValueUtils - Retrieved @ProfileValueSourceConfiguration [null] for test class [com.demo.AppTest]
10:01:35.200 [main] DEBUG org.springframework.test.annotation.ProfileValueUtils - Retrieved ProfileValueSource type [class org.springframework.test.annotation.SystemProfileValueSource] for class [com.demo.AppTest]
10:01:35.203 [main] DEBUG org.springframework.test.context.support.AbstractDirtiesContextTestExecutionListener - Before test class: context [DefaultTestContext@609e8838 testClass = AppTest, testInstance = [null], testMethod = [null], testException = [null], mergedContextConfiguration = [WebMergedContextConfiguration@359df09a testClass = AppTest, locations = '{}', classes = '{class com.demo.SpringBootLimitApplication}', contextInitializerClasses = '[]', activeProfiles = '{}', propertySourceLocations = '{}', propertySourceProperties = '{org.springframework.boot.test.context.SpringBootTestContextBootstrapper=true}', contextCustomizers = set[org.springframework.boot.test.context.filter.ExcludeFilterContextCustomizer@3c153a1, org.springframework.boot.test.json.DuplicateJsonObjectContextCustomizerFactory$DuplicateJsonObjectContextCustomizer@3e3047e6, org.springframework.boot.test.mock.mockito.MockitoContextCustomizer@0, org.springframework.boot.test.web.client.TestRestTemplateContextCustomizer@7ea37dbf, org.springframework.boot.test.autoconfigure.properties.PropertyMappingContextCustomizer@0, org.springframework.boot.test.autoconfigure.web.servlet.WebDriverContextCustomizerFactory$Customizer@7f1302d6, org.springframework.boot.test.context.SpringBootTestArgs@1], resourceBasePath = 'src/main/webapp', contextLoader = 'org.springframework.boot.test.context.SpringBootContextLoader', parent = [null]], attributes = map['org.springframework.test.context.web.ServletTestExecutionListener.activateListener' -> true]], class annotated with @DirtiesContext [false] with mode [null].
10:01:35.205 [main] DEBUG org.springframework.test.annotation.ProfileValueUtils - Retrieved @ProfileValueSourceConfiguration [null] for test class [com.demo.AppTest]
10:01:35.205 [main] DEBUG org.springframework.test.annotation.ProfileValueUtils - Retrieved ProfileValueSource type [class org.springframework.test.annotation.SystemProfileValueSource] for class [com.demo.AppTest]
10:01:35.220 [main] DEBUG org.springframework.test.context.support.TestPropertySourceUtils - Adding inlined properties to environment: {spring.jmx.enabled=false, org.springframework.boot.test.context.SpringBootTestContextBootstrapper=true}

  .   ____          _            __ _ _
 /\\ / ___'_ __ _ _(_)_ __  __ _ \ \ \ \
( ( )\___ | '_ | '_| | '_ \/ _` | \ \ \ \
 \\/  ___)| |_)| | | | | || (_| |  ) ) ) )
  '  |____| .__|_| |_|_| |_\__, | / / / /
 =========|_|==============|___/=/_/_/_/
 :: Spring Boot ::        (v2.3.4.RELEASE)

2022-08-05 10:01:35.409  INFO 21004 --- [           main] com.demo.AppTest                         : Starting AppTest on hp with PID 21004 (started by Administrator in E:\02-work\code\bruce_projects\spring-boot-demo1\spring-boot-demo-redis-token-limit)
2022-08-05 10:01:35.411  INFO 21004 --- [           main] com.demo.AppTest                         : No active profile set, falling back to default profiles: default
2022-08-05 10:01:35.774  INFO 21004 --- [           main] .s.d.r.c.RepositoryConfigurationDelegate : Multiple Spring Data modules found, entering strict repository configuration mode!
2022-08-05 10:01:35.776  INFO 21004 --- [           main] .s.d.r.c.RepositoryConfigurationDelegate : Bootstrapping Spring Data Redis repositories in DEFAULT mode.
2022-08-05 10:01:35.794  INFO 21004 --- [           main] .s.d.r.c.RepositoryConfigurationDelegate : Finished Spring Data repository scanning in 8ms. Found 0 Redis repository interfaces.
2022-08-05 10:01:36.574  INFO 21004 --- [           main] o.s.s.concurrent.ThreadPoolTaskExecutor  : Initializing ExecutorService 'applicationTaskExecutor'
2022-08-05 10:01:36.848  INFO 21004 --- [           main] com.demo.AppTest                         : Started AppTest in 1.623 seconds (JVM running for 2.269)
2022-08-05 10:01:36.982  INFO 21004 --- [           main] o.s.b.t.m.w.SpringBootMockServletContext : Initializing Spring TestDispatcherServlet ''
2022-08-05 10:01:36.982  INFO 21004 --- [           main] o.s.t.web.servlet.TestDispatcherServlet  : Initializing Servlet ''
2022-08-05 10:01:36.991  INFO 21004 --- [           main] o.s.t.web.servlet.TestDispatcherServlet  : Completed initialization in 9 ms
2022-08-05 10:01:37.738  INFO 21004 --- [           main] com.demo.AppTest                         : 获取的 Token 串：a32126ab-e51d-429e-b8e3-3336b928edaa
2022-08-05 10:01:37.738  INFO 21004 --- [           main] com.demo.AppTest                         : 第1次调用测试接口
2022-08-05 10:01:37.782  INFO 21004 --- [           main] com.demo.service.TokenUtilService        : 验证 token=a32126ab-e51d-429e-b8e3-3336b928edaa,key=idempotent_token:a32126ab-e51d-429e-b8e3-3336b928edaa,value=name,age something... 成功
2022-08-05 10:01:37.783  INFO 21004 --- [           main] com.demo.AppTest                         : 正常调用
]]></system-out>
  </testcase>
  <testcase name="interfaceIdempotenceTest" classname="com.demo.AppTest" time="0.007">
    <failure message="expected:&lt;[正常]调用&gt; but was:&lt;[重复]调用&gt;" type="org.junit.ComparisonFailure"><![CDATA[org.junit.ComparisonFailure: expected:<[正常]调用> but was:<[重复]调用>
	at com.demo.AppTest.interfaceIdempotenceTest(AppTest.java:52)
]]></failure>
    <system-out><![CDATA[2022-08-05 10:01:37.794  INFO 21004 --- [           main] o.s.b.t.m.w.SpringBootMockServletContext : Initializing Spring TestDispatcherServlet ''
2022-08-05 10:01:37.794  INFO 21004 --- [           main] o.s.t.web.servlet.TestDispatcherServlet  : Initializing Servlet ''
2022-08-05 10:01:37.795  INFO 21004 --- [           main] o.s.t.web.servlet.TestDispatcherServlet  : Completed initialization in 1 ms
2022-08-05 10:01:37.797  INFO 21004 --- [           main] com.demo.AppTest                         : 获取的Token串：5f417d75-ad96-40d9-9376-1ef2c8fa4f75
2022-08-05 10:01:37.797  INFO 21004 --- [           main] com.demo.AppTest                         : 第1次调用测试接口
2022-08-05 10:01:37.799  INFO 21004 --- [           main] com.demo.service.TokenUtilService        : 验证 token=5f417d75-ad96-40d9-9376-1ef2c8fa4f75,key=idempotent_token:5f417d75-ad96-40d9-9376-1ef2c8fa4f75,value=name,age something... 成功
2022-08-05 10:01:37.800  INFO 21004 --- [           main] com.demo.AppTest                         : result:正常调用
]]></system-out>
  </testcase>
</testsuite>